Using pre-set license
Built from '2021.3/staging' branch; Version is '2021.3.16f1 (4016570cf34f) revision 4200023'; Using compiler version '192829333'; Build Type 'Release'
OS: 'Windows 11  (10.0.22621) 64bit Professional' Language: 'ko' Physical Memory: 32693 MB
BatchMode: 1, IsHumanControllingUs: 0, StartBugReporterOnCrash: 0, Is64bit: 1, IsPro: 1

COMMAND LINE ARGUMENTS:
C:\Program Files\Unity\Hub\Editor\2021.3.16f1\Editor\Unity.exe
-adb2
-batchMode
-noUpm
-name
AssetImportWorker2
-projectPath
D:/Study/Unity/ShootingGame
-logFile
Logs/AssetImportWorker2.log
-srvPort
1303
Successfully changed project path to: D:/Study/Unity/ShootingGame
D:/Study/Unity/ShootingGame
[UnityMemory] Configuration Parameters - Can be set up in boot.config
    "memorysetup-bucket-allocator-granularity=16"
    "memorysetup-bucket-allocator-bucket-count=8"
    "memorysetup-bucket-allocator-block-size=33554432"
    "memorysetup-bucket-allocator-block-count=8"
    "memorysetup-main-allocator-block-size=16777216"
    "memorysetup-thread-allocator-block-size=16777216"
    "memorysetup-gfx-main-allocator-block-size=16777216"
    "memorysetup-gfx-thread-allocator-block-size=16777216"
    "memorysetup-cache-allocator-block-size=4194304"
    "memorysetup-typetree-allocator-block-size=2097152"
    "memorysetup-profiler-bucket-allocator-granularity=16"
    "memorysetup-profiler-bucket-allocator-bucket-count=8"
    "memorysetup-profiler-bucket-allocator-block-size=33554432"
    "memorysetup-profiler-bucket-allocator-block-count=8"
    "memorysetup-profiler-allocator-block-size=16777216"
    "memorysetup-profiler-editor-allocator-block-size=1048576"
    "memorysetup-temp-allocator-size-main=16777216"
    "memorysetup-job-temp-allocator-block-size=2097152"
    "memorysetup-job-temp-allocator-block-size-background=1048576"
    "memorysetup-job-temp-allocator-reduction-small-platforms=262144"
    "memorysetup-temp-allocator-size-background-worker=32768"
    "memorysetup-temp-allocator-size-job-worker=262144"
    "memorysetup-temp-allocator-size-preload-manager=33554432"
    "memorysetup-temp-allocator-size-nav-mesh-worker=65536"
    "memorysetup-temp-allocator-size-audio-worker=65536"
    "memorysetup-temp-allocator-size-cloud-worker=32768"
    "memorysetup-temp-allocator-size-gi-baking-worker=262144"
    "memorysetup-temp-allocator-size-gfx=262144"
Player connection [27624] Host "[IP] 192.168.0.11 [Port] 0 [Flags] 2 [Guid] 1583804506 [EditorId] 1583804506 [Version] 1048832 [Id] WindowsEditor(7,SJ-DESKTOP) [Debug] 1 [PackageName] WindowsEditor [ProjectName] Editor" joined multi-casting on [225.0.0.222:54997]...

Player connection [27624] Host "[IP] 192.168.0.11 [Port] 0 [Flags] 2 [Guid] 1583804506 [EditorId] 1583804506 [Version] 1048832 [Id] WindowsEditor(7,SJ-DESKTOP) [Debug] 1 [PackageName] WindowsEditor [ProjectName] Editor" joined alternative multi-casting on [225.0.0.222:34997]...

Refreshing native plugins compatible for Editor in 65.95 ms, found 3 plugins.
Preloading 0 native plugins for Editor in 0.00 ms.
Initialize engine version: 2021.3.16f1 (4016570cf34f)
[Subsystems] Discovering subsystems at path C:/Program Files/Unity/Hub/Editor/2021.3.16f1/Editor/Data/Resources/UnitySubsystems
[Subsystems] Discovering subsystems at path D:/Study/Unity/ShootingGame/Assets
GfxDevice: creating device client; threaded=0; jobified=0
Direct3D:
    Version:  Direct3D 11.0 [level 11.1]
    Renderer: NVIDIA GeForce RTX 3080 Ti (ID=0x2208)
    Vendor:   NVIDIA
    VRAM:     12100 MB
    Driver:   31.0.15.2756
Initialize mono
Mono path[0] = 'C:/Program Files/Unity/Hub/Editor/2021.3.16f1/Editor/Data/Managed'
Mono path[1] = 'C:/Program Files/Unity/Hub/Editor/2021.3.16f1/Editor/Data/MonoBleedingEdge/lib/mono/unityjit-win32'
Mono config path = 'C:/Program Files/Unity/Hub/Editor/2021.3.16f1/Editor/Data/MonoBleedingEdge/etc'
Using monoOptions --debugger-agent=transport=dt_socket,embedding=1,server=y,suspend=n,address=127.0.0.1:56524
Begin MonoManager ReloadAssembly
Registering precompiled unity dll's ...
Register platform support module: C:/Program Files/Unity/Hub/Editor/2021.3.16f1/Editor/Data/PlaybackEngines/WebGLSupport/UnityEditor.WebGL.Extensions.dll
Register platform support module: C:/Program Files/Unity/Hub/Editor/2021.3.16f1/Editor/Data/PlaybackEngines/WindowsStandaloneSupport/UnityEditor.WindowsStandalone.Extensions.dll
Registered in 0.004487 seconds.
Native extension for WindowsStandalone target not found
Native extension for WebGL target not found
Refreshing native plugins compatible for Editor in 61.82 ms, found 3 plugins.
Preloading 0 native plugins for Editor in 0.00 ms.
Mono: successfully reloaded assembly
- Completed reload, in  0.447 seconds
Domain Reload Profiling:
	ReloadAssembly (447ms)
		BeginReloadAssembly (56ms)
			ExecutionOrderSort (0ms)
			DisableScriptedObjects (0ms)
			BackupInstance (0ms)
			ReleaseScriptingObjects (0ms)
			CreateAndSetChildDomain (1ms)
		EndReloadAssembly (310ms)
			LoadAssemblies (55ms)
			RebuildTransferFunctionScriptingTraits (0ms)
			SetupTypeCache (75ms)
			ReleaseScriptCaches (0ms)
			RebuildScriptCaches (18ms)
			SetupLoadedEditorAssemblies (181ms)
				LogAssemblyErrors (0ms)
				InitializePlatformSupportModulesInManaged (6ms)
				SetLoadedEditorAssemblies (0ms)
				RefreshPlugins (62ms)
				BeforeProcessingInitializeOnLoad (1ms)
				ProcessInitializeOnLoadAttributes (83ms)
				ProcessInitializeOnLoadMethodAttributes (30ms)
				AfterProcessingInitializeOnLoad (0ms)
				EditorAssembliesLoaded (0ms)
			ExecutionOrderSort2 (0ms)
			AwakeInstancesAfterBackupRestoration (0ms)
Platform modules already initialized, skipping
Registering precompiled user dll's ...
Registered in 0.002768 seconds.
Begin MonoManager ReloadAssembly
Symbol file LoadedFromMemory doesn't match image D:\Study\Unity\ShootingGame\Library\PackageCache\com.unity.visualscripting@1.7.8\Editor\VisualScripting.Core\Dependencies\YamlDotNet\Unity.VisualScripting.YamlDotNet.dll
Symbol file LoadedFromMemory doesn't match image D:\Study\Unity\ShootingGame\Library\PackageCache\com.unity.visualscripting@1.7.8\Editor\VisualScripting.Core\Dependencies\DotNetZip\Unity.VisualScripting.IonicZip.dll
Native extension for WindowsStandalone target not found
Native extension for WebGL target not found
Refreshing native plugins compatible for Editor in 0.44 ms, found 3 plugins.
Preloading 0 native plugins for Editor in 0.00 ms.
Mono: successfully reloaded assembly
- Completed reload, in  0.683 seconds
Domain Reload Profiling:
	ReloadAssembly (683ms)
		BeginReloadAssembly (74ms)
			ExecutionOrderSort (0ms)
			DisableScriptedObjects (4ms)
			BackupInstance (0ms)
			ReleaseScriptingObjects (0ms)
			CreateAndSetChildDomain (15ms)
		EndReloadAssembly (529ms)
			LoadAssemblies (51ms)
			RebuildTransferFunctionScriptingTraits (0ms)
			SetupTypeCache (168ms)
			ReleaseScriptCaches (0ms)
			RebuildScriptCaches (31ms)
			SetupLoadedEditorAssemblies (249ms)
				LogAssemblyErrors (0ms)
				InitializePlatformSupportModulesInManaged (5ms)
				SetLoadedEditorAssemblies (0ms)
				RefreshPlugins (0ms)
				BeforeProcessingInitializeOnLoad (61ms)
				ProcessInitializeOnLoadAttributes (161ms)
				ProcessInitializeOnLoadMethodAttributes (17ms)
				AfterProcessingInitializeOnLoad (5ms)
				EditorAssembliesLoaded (0ms)
			ExecutionOrderSort2 (0ms)
			AwakeInstancesAfterBackupRestoration (4ms)
Platform modules already initialized, skipping
========================================================================
Worker process is ready to serve import requests
Launched and connected shader compiler UnityShaderCompiler.exe after 0.03 seconds
Refreshing native plugins compatible for Editor in 0.62 ms, found 3 plugins.
Preloading 0 native plugins for Editor in 0.00 ms.
Unloading 3369 Unused Serialized files (Serialized files now loaded: 0)
Unloading 27 unused Assets / (113.5 KB). Loaded Objects now: 3829.
Memory consumption went from 116.3 MB to 116.2 MB.
Total: 2.892100 ms (FindLiveObjects: 0.233700 ms CreateObjectMapping: 0.135400 ms MarkObjects: 2.437600 ms  DeleteObjects: 0.085000 ms)

AssetImportParameters requested are different than current active one (requested -> active):
  custom:video-decoder-ogg-theora: a1e56fd34408186e4bbccfd4996cb3dc -> 
  custom:container-muxer-webm: aa71ff27fc2769a1b78a27578f13a17b -> 
  custom:container-demuxer-webm: 4f35f7cbe854078d1ac9338744f61a02 -> 
  custom:video-encoder-webm-vp8: eb34c28f22e8b96e1ab97ce403110664 -> 
  custom:audio-encoder-webm-vorbis: bf7c407c2cedff20999df2af8eb42d56 -> 
  custom:framework-win-MediaFoundation: 216162199b28c13a410421893ffa2e32 -> 
  custom:container-demuxer-ogg: 62fdf1f143b41e24485cea50d1cbac27 -> 
  custom:video-decoder-webm-vp8: 9c59270c3fd7afecdb556c50c9e8de78 -> 
  custom:audio-decoder-ogg-vorbis: bf7c407c2cedff20999df2af8eb42d56 -> 
========================================================================
Received Prepare
Registering precompiled user dll's ...
Registered in 0.002537 seconds.
Begin MonoManager ReloadAssembly
Symbol file LoadedFromMemory doesn't match image D:\Study\Unity\ShootingGame\Library\PackageCache\com.unity.visualscripting@1.7.8\Editor\VisualScripting.Core\Dependencies\YamlDotNet\Unity.VisualScripting.YamlDotNet.dll
Symbol file LoadedFromMemory doesn't match image D:\Study\Unity\ShootingGame\Library\PackageCache\com.unity.visualscripting@1.7.8\Editor\VisualScripting.Core\Dependencies\DotNetZip\Unity.VisualScripting.IonicZip.dll
Native extension for WindowsStandalone target not found
Native extension for WebGL target not found
Refreshing native plugins compatible for Editor in 0.56 ms, found 3 plugins.
Preloading 0 native plugins for Editor in 0.00 ms.
Mono: successfully reloaded assembly
- Completed reload, in  0.656 seconds
Domain Reload Profiling:
	ReloadAssembly (656ms)
		BeginReloadAssembly (93ms)
			ExecutionOrderSort (0ms)
			DisableScriptedObjects (4ms)
			BackupInstance (0ms)
			ReleaseScriptingObjects (0ms)
			CreateAndSetChildDomain (25ms)
		EndReloadAssembly (499ms)
			LoadAssemblies (52ms)
			RebuildTransferFunctionScriptingTraits (0ms)
			SetupTypeCache (170ms)
			ReleaseScriptCaches (1ms)
			RebuildScriptCaches (25ms)
			SetupLoadedEditorAssemblies (222ms)
				LogAssemblyErrors (0ms)
				InitializePlatformSupportModulesInManaged (9ms)
				SetLoadedEditorAssemblies (0ms)
				RefreshPlugins (1ms)
				BeforeProcessingInitializeOnLoad (44ms)
				ProcessInitializeOnLoadAttributes (142ms)
				ProcessInitializeOnLoadMethodAttributes (19ms)
				AfterProcessingInitializeOnLoad (6ms)
				EditorAssembliesLoaded (0ms)
			ExecutionOrderSort2 (0ms)
			AwakeInstancesAfterBackupRestoration (5ms)
Platform modules already initialized, skipping
Refreshing native plugins compatible for Editor in 1.20 ms, found 3 plugins.
Preloading 0 native plugins for Editor in 0.00 ms.
Unloading 3364 Unused Serialized files (Serialized files now loaded: 0)
Unloading 20 unused Assets / (80.0 KB). Loaded Objects now: 3832.
Memory consumption went from 116.4 MB to 116.3 MB.
Total: 2.688300 ms (FindLiveObjects: 0.201800 ms CreateObjectMapping: 0.078000 ms MarkObjects: 2.338800 ms  DeleteObjects: 0.068800 ms)

AssetImportParameters requested are different than current active one (requested -> active):
  custom:video-decoder-ogg-theora: a1e56fd34408186e4bbccfd4996cb3dc -> 
  custom:container-muxer-webm: aa71ff27fc2769a1b78a27578f13a17b -> 
  custom:container-demuxer-webm: 4f35f7cbe854078d1ac9338744f61a02 -> 
  custom:video-encoder-webm-vp8: eb34c28f22e8b96e1ab97ce403110664 -> 
  custom:audio-encoder-webm-vorbis: bf7c407c2cedff20999df2af8eb42d56 -> 
  custom:framework-win-MediaFoundation: 216162199b28c13a410421893ffa2e32 -> 
  custom:container-demuxer-ogg: 62fdf1f143b41e24485cea50d1cbac27 -> 
  custom:video-decoder-webm-vp8: 9c59270c3fd7afecdb556c50c9e8de78 -> 
  custom:audio-decoder-ogg-vorbis: bf7c407c2cedff20999df2af8eb42d56 -> 
========================================================================
Received Import Request.
  Time since last request: 7318.580572 seconds.
  path: Assets/AurynSky/Rockets Missiles and Bombs/Prefabs/Yellow/Rocket09_Yellow.prefab
  artifactKey: Guid(be2ba3c9cce29ae45b22a05f0a213763) Importer(815301076,1909f56bfc062723c751e8b465ee728b)
Start importing Assets/AurynSky/Rockets Missiles and Bombs/Prefabs/Yellow/Rocket09_Yellow.prefab using Guid(be2ba3c9cce29ae45b22a05f0a213763) Importer(815301076,1909f56bfc062723c751e8b465ee728b)  -> (artifact id: '398ecdb0a30ecf2907505d9253e50488') in 0.092348 seconds 
========================================================================
Received Import Request.
  Time since last request: 0.344914 seconds.
  path: Assets/AurynSky/Rockets Missiles and Bombs/Prefabs/Yellow/Rocket08_Yellow.prefab
  artifactKey: Guid(44e971c845ba99043935ea351e71dc94) Importer(815301076,1909f56bfc062723c751e8b465ee728b)
Start importing Assets/AurynSky/Rockets Missiles and Bombs/Prefabs/Yellow/Rocket08_Yellow.prefab using Guid(44e971c845ba99043935ea351e71dc94) Importer(815301076,1909f56bfc062723c751e8b465ee728b)  -> (artifact id: '0fc54c99dadeb9d1080b8c713c4b5e0d') in 0.008252 seconds 
========================================================================
Received Import Request.
  Time since last request: 61.570901 seconds.
  path: Assets/AurynSky/Rockets Missiles and Bombs/Prefabs/Yellow/Rocket01_Yellow.prefab
  artifactKey: Guid(0d686735bf3955e4d89fce1610683f6b) Importer(815301076,1909f56bfc062723c751e8b465ee728b)
Start importing Assets/AurynSky/Rockets Missiles and Bombs/Prefabs/Yellow/Rocket01_Yellow.prefab using Guid(0d686735bf3955e4d89fce1610683f6b) Importer(815301076,1909f56bfc062723c751e8b465ee728b)  -> (artifact id: '08194557b434ade1640b865c20147482') in 0.010518 seconds 
========================================================================
Received Import Request.
  Time since last request: 0.000019 seconds.
  path: Assets/AurynSky/Rockets Missiles and Bombs/Prefabs/Yellow/Rocket03_Yellow.prefab
  artifactKey: Guid(7322cddb1b496e94a9b5aa53b65dff7e) Importer(815301076,1909f56bfc062723c751e8b465ee728b)
Start importing Assets/AurynSky/Rockets Missiles and Bombs/Prefabs/Yellow/Rocket03_Yellow.prefab using Guid(7322cddb1b496e94a9b5aa53b65dff7e) Importer(815301076,1909f56bfc062723c751e8b465ee728b)  -> (artifact id: 'aa264c12e99f50e9ab5674262e1f2a6d') in 0.009499 seconds 
========================================================================
Received Import Request.
  Time since last request: 0.000025 seconds.
  path: Assets/AurynSky/Rockets Missiles and Bombs/Prefabs/Yellow/Rocket11_Yellow.prefab
  artifactKey: Guid(50c21b4a95fdfcd42bb91d8c09030249) Importer(815301076,1909f56bfc062723c751e8b465ee728b)
Start importing Assets/AurynSky/Rockets Missiles and Bombs/Prefabs/Yellow/Rocket11_Yellow.prefab using Guid(50c21b4a95fdfcd42bb91d8c09030249) Importer(815301076,1909f56bfc062723c751e8b465ee728b)  -> (artifact id: '026fc770b52cd28a69863a4dbe6aada3') in 0.011100 seconds 
========================================================================
Received Import Request.
  Time since last request: 0.000021 seconds.
  path: Assets/AurynSky/Rockets Missiles and Bombs/Prefabs/Yellow/Rocket23_Yellow.prefab
  artifactKey: Guid(f57b6d792fb98be48a5d28577fdc040c) Importer(815301076,1909f56bfc062723c751e8b465ee728b)
Start importing Assets/AurynSky/Rockets Missiles and Bombs/Prefabs/Yellow/Rocket23_Yellow.prefab using Guid(f57b6d792fb98be48a5d28577fdc040c) Importer(815301076,1909f56bfc062723c751e8b465ee728b)  -> (artifact id: '78aacad302d518514f1ade259b8df552') in 0.012684 seconds 
========================================================================
Received Import Request.
  Time since last request: 0.000019 seconds.
  path: Assets/AurynSky/Rockets Missiles and Bombs/Prefabs/Yellow/Rocket24_Yellow.prefab
  artifactKey: Guid(4259a658b50f6d342a2523b401cba5be) Importer(815301076,1909f56bfc062723c751e8b465ee728b)
Start importing Assets/AurynSky/Rockets Missiles and Bombs/Prefabs/Yellow/Rocket24_Yellow.prefab using Guid(4259a658b50f6d342a2523b401cba5be) Importer(815301076,1909f56bfc062723c751e8b465ee728b)  -> (artifact id: '468292c5007db0ef726c1228de9cf5f2') in 0.013195 seconds 
========================================================================
Received Import Request.
  Time since last request: 0.000017 seconds.
  path: Assets/AurynSky/Rockets Missiles and Bombs/Prefabs/Yellow/Rocket21_Yellow.prefab
  artifactKey: Guid(a87c9cf14525cc945aa12de73f8b0b6c) Importer(815301076,1909f56bfc062723c751e8b465ee728b)
Start importing Assets/AurynSky/Rockets Missiles and Bombs/Prefabs/Yellow/Rocket21_Yellow.prefab using Guid(a87c9cf14525cc945aa12de73f8b0b6c) Importer(815301076,1909f56bfc062723c751e8b465ee728b)  -> (artifact id: 'fd645d4c96d0512b53356f471e9c2fa1') in 0.012567 seconds 
========================================================================
Received Import Request.
  Time since last request: 0.000017 seconds.
  path: Assets/AurynSky/Rockets Missiles and Bombs/Prefabs/Yellow/Rocket27_Yellow.prefab
  artifactKey: Guid(ddaebb2b451033e4492ae0180b37f959) Importer(815301076,1909f56bfc062723c751e8b465ee728b)
Start importing Assets/AurynSky/Rockets Missiles and Bombs/Prefabs/Yellow/Rocket27_Yellow.prefab using Guid(ddaebb2b451033e4492ae0180b37f959) Importer(815301076,1909f56bfc062723c751e8b465ee728b)  -> (artifact id: '916d887fb3150665b06dcab1412105cf') in 0.012682 seconds 
========================================================================
Received Import Request.
  Time since last request: 0.000020 seconds.
  path: Assets/AurynSky/Rockets Missiles and Bombs/Prefabs/Yellow/Rocket29_Yellow.prefab
  artifactKey: Guid(9e554f12240d5724f89e1a7d38ac98b6) Importer(815301076,1909f56bfc062723c751e8b465ee728b)
Start importing Assets/AurynSky/Rockets Missiles and Bombs/Prefabs/Yellow/Rocket29_Yellow.prefab using Guid(9e554f12240d5724f89e1a7d38ac98b6) Importer(815301076,1909f56bfc062723c751e8b465ee728b)  -> (artifact id: 'e859ed8d54c7196e445c8a555d1f36e0') in 0.012751 seconds 
========================================================================
Received Import Request.
  Time since last request: 0.000032 seconds.
  path: Assets/AurynSky/Rockets Missiles and Bombs/Prefabs/Yellow/Rocket25_Yellow.prefab
  artifactKey: Guid(3425d348aee5f1143873523e419090c1) Importer(815301076,1909f56bfc062723c751e8b465ee728b)
Start importing Assets/AurynSky/Rockets Missiles and Bombs/Prefabs/Yellow/Rocket25_Yellow.prefab using Guid(3425d348aee5f1143873523e419090c1) Importer(815301076,1909f56bfc062723c751e8b465ee728b)  -> (artifact id: '8db51dd46983d6a8bba3938c0713fff0') in 0.013655 seconds 
========================================================================
Received Import Request.
  Time since last request: 0.000017 seconds.
  path: Assets/AurynSky/Rockets Missiles and Bombs/Prefabs/Yellow/Rocket28_Yellow.prefab
  artifactKey: Guid(841e0851c8a28ca4191d9b70b97e2d5b) Importer(815301076,1909f56bfc062723c751e8b465ee728b)
Start importing Assets/AurynSky/Rockets Missiles and Bombs/Prefabs/Yellow/Rocket28_Yellow.prefab using Guid(841e0851c8a28ca4191d9b70b97e2d5b) Importer(815301076,1909f56bfc062723c751e8b465ee728b)  -> (artifact id: 'a4b8cb0d39546f79b2ed92ca812bece9') in 0.015018 seconds 
========================================================================
Received Import Request.
  Time since last request: 0.000017 seconds.
  path: Assets/AurynSky/Rockets Missiles and Bombs/Prefabs/Yellow/Rocket19_Yellow.prefab
  artifactKey: Guid(b3f605f74025b69479fd3f3bc558539f) Importer(815301076,1909f56bfc062723c751e8b465ee728b)
Start importing Assets/AurynSky/Rockets Missiles and Bombs/Prefabs/Yellow/Rocket19_Yellow.prefab using Guid(b3f605f74025b69479fd3f3bc558539f) Importer(815301076,1909f56bfc062723c751e8b465ee728b)  -> (artifact id: 'dfb07ca16de051249bb3d066b0b90c27') in 0.012354 seconds 
========================================================================
Received Import Request.
  Time since last request: 0.000017 seconds.
  path: Assets/AurynSky/Rockets Missiles and Bombs/Prefabs/Yellow/Rocket06_Yellow.prefab
  artifactKey: Guid(053330ce7545f804e8bdabaa1fc96965) Importer(815301076,1909f56bfc062723c751e8b465ee728b)
Start importing Assets/AurynSky/Rockets Missiles and Bombs/Prefabs/Yellow/Rocket06_Yellow.prefab using Guid(053330ce7545f804e8bdabaa1fc96965) Importer(815301076,1909f56bfc062723c751e8b465ee728b)  -> (artifact id: '693a5aabe1b5fd8b48a4669c7ad1935a') in 0.012231 seconds 
========================================================================
Received Import Request.
  Time since last request: 0.000017 seconds.
  path: Assets/AurynSky/Rockets Missiles and Bombs/Prefabs/Yellow/Rocket16_Yellow.prefab
  artifactKey: Guid(2f8a7bfafa52273489ba55e558723308) Importer(815301076,1909f56bfc062723c751e8b465ee728b)
Start importing Assets/AurynSky/Rockets Missiles and Bombs/Prefabs/Yellow/Rocket16_Yellow.prefab using Guid(2f8a7bfafa52273489ba55e558723308) Importer(815301076,1909f56bfc062723c751e8b465ee728b)  -> (artifact id: '61ff7f8e25104d342e6efc8e0dea6e8b') in 0.012720 seconds 
========================================================================
Received Import Request.
  Time since last request: 0.000018 seconds.
  path: Assets/AurynSky/Rockets Missiles and Bombs/Prefabs/Yellow/Rocket04_Yellow.prefab
  artifactKey: Guid(674f740702d1acf42a418da3e745d98e) Importer(815301076,1909f56bfc062723c751e8b465ee728b)
Start importing Assets/AurynSky/Rockets Missiles and Bombs/Prefabs/Yellow/Rocket04_Yellow.prefab using Guid(674f740702d1acf42a418da3e745d98e) Importer(815301076,1909f56bfc062723c751e8b465ee728b)  -> (artifact id: '23f2ef5a7254120243ac13dffafe354f') in 0.012698 seconds 
========================================================================
Received Import Request.
  Time since last request: 0.000019 seconds.
  path: Assets/AurynSky/Rockets Missiles and Bombs/Prefabs/Yellow/Rocket14_Yellow.prefab
  artifactKey: Guid(881d8152932493444ba60e3f5ca324c4) Importer(815301076,1909f56bfc062723c751e8b465ee728b)
Start importing Assets/AurynSky/Rockets Missiles and Bombs/Prefabs/Yellow/Rocket14_Yellow.prefab using Guid(881d8152932493444ba60e3f5ca324c4) Importer(815301076,1909f56bfc062723c751e8b465ee728b)  -> (artifact id: '15fe28fa4dd867b62c685bfae48de9f2') in 0.011440 seconds 
========================================================================
Received Import Request.
  Time since last request: 0.000016 seconds.
  path: Assets/AurynSky/Rockets Missiles and Bombs/Prefabs/Yellow/Rocket15_Yellow.prefab
  artifactKey: Guid(cafd3d9857dce9743b5d3154fed8cf10) Importer(815301076,1909f56bfc062723c751e8b465ee728b)
Start importing Assets/AurynSky/Rockets Missiles and Bombs/Prefabs/Yellow/Rocket15_Yellow.prefab using Guid(cafd3d9857dce9743b5d3154fed8cf10) Importer(815301076,1909f56bfc062723c751e8b465ee728b)  -> (artifact id: 'a4f960bd35f316751617da5d35c2aa7e') in 0.010479 seconds 
========================================================================
Received Import Request.
  Time since last request: 0.000017 seconds.
  path: Assets/AurynSky/Rockets Missiles and Bombs/Prefabs/Yellow/Rocket13_Yellow.prefab
  artifactKey: Guid(047c4edb7b0e3ee4aa6708a4a0622e05) Importer(815301076,1909f56bfc062723c751e8b465ee728b)
Start importing Assets/AurynSky/Rockets Missiles and Bombs/Prefabs/Yellow/Rocket13_Yellow.prefab using Guid(047c4edb7b0e3ee4aa6708a4a0622e05) Importer(815301076,1909f56bfc062723c751e8b465ee728b)  -> (artifact id: 'aaf2593e35d4eaf16d31c7145301d759') in 0.008542 seconds 
========================================================================
Received Import Request.
  Time since last request: 0.000012 seconds.
  path: Assets/AurynSky/Rockets Missiles and Bombs/Prefabs/Yellow/Rocket22_Yellow.prefab
  artifactKey: Guid(11c088897cb669248ba1c4e28cba1ed1) Importer(815301076,1909f56bfc062723c751e8b465ee728b)
Start importing Assets/AurynSky/Rockets Missiles and Bombs/Prefabs/Yellow/Rocket22_Yellow.prefab using Guid(11c088897cb669248ba1c4e28cba1ed1) Importer(815301076,1909f56bfc062723c751e8b465ee728b)  -> (artifact id: 'de3fe5db04d8526fa784228bc2de9481') in 0.009749 seconds 
Editor requested this worker to shutdown with reason: Scaling down because of idle timeout
AssetImportWorker is now disconnected from the server
Process exiting
Exiting without the bug reporter. Application will terminate with return code 0